E:\4D2017\软件发布\driver_follow\driver_follow\Release\cl.command.1.tlog
E:\4D2017\软件发布\driver_follow\driver_follow\Release\CL.read.1.tlog
E:\4D2017\软件发布\driver_follow\driver_follow\Release\CL.write.1.tlog
E:\4D2017\软件发布\driver_follow\driver_follow\Release\driver_follow.dll.intermediate.manifest
E:\4D2017\软件发布\driver_follow\driver_follow\Release\driver_follow.obj
E:\4D2017\软件发布\driver_follow\driver_follow\Release\driver_follow.write.1.tlog
E:\4D2017\软件发布\driver_follow\driver_follow\Release\driver_follow2.obj
E:\4D2017\软件发布\driver_follow\driver_follow\Release\link.command.1.tlog
E:\4D2017\软件发布\driver_follow\driver_follow\Release\link.read.1.tlog
E:\4D2017\软件发布\driver_follow\driver_follow\Release\link.write.1.tlog
E:\4D2017\软件发布\driver_follow\driver_follow\Release\mt.command.1.tlog
E:\4D2017\软件发布\driver_follow\driver_follow\Release\mt.read.1.tlog
E:\4D2017\软件发布\driver_follow\driver_follow\Release\mt.write.1.tlog
E:\4D2017\软件发布\driver_follow\driver_follow\Release\vc100.pdb
E:\4D2017\软件发布\driver_follow\Release\driver_follow.dll
E:\4D2017\软件发布\driver_follow\Release\driver_follow.pdb
F:\交大\助教工作\DRIVER_FOLLOW\DRIVER_FOLLOW\RELEASE\DRIVER_FOLLOW.DLL.INTERMEDIATE.MANIFEST
F:\交大\助教工作\DRIVER_FOLLOW\DRIVER_FOLLOW\RELEASE\DRIVER_FOLLOW.OBJ
F:\交大\助教工作\DRIVER_FOLLOW\DRIVER_FOLLOW\RELEASE\DRIVER_FOLLOW2.OBJ
F:\交大\助教工作\DRIVER_FOLLOW\DRIVER_FOLLOW\RELEASE\VC100.PDB
F:\交大\助教工作\DRIVER_FOLLOW\RELEASE\DRIVER_FOLLOW.DLL
F:\交大\助教工作\driver_follow\Release\driver_follow.exp
F:\交大\助教工作\driver_follow\Release\driver_follow.lib
F:\交大\助教工作\DRIVER_FOLLOW\RELEASE\DRIVER_FOLLOW.PDB
