E:\4D2017\软件发布\driver_lead\driver_lead\Release\cl.command.1.tlog
E:\4D2017\软件发布\driver_lead\driver_lead\Release\CL.read.1.tlog
E:\4D2017\软件发布\driver_lead\driver_lead\Release\CL.write.1.tlog
E:\4D2017\软件发布\driver_lead\driver_lead\Release\driver_lead.dll.intermediate.manifest
E:\4D2017\软件发布\driver_lead\driver_lead\Release\driver_lead.obj
E:\4D2017\软件发布\driver_lead\driver_lead\Release\driver_lead.write.1.tlog
E:\4D2017\软件发布\driver_lead\driver_lead\Release\link.command.1.tlog
E:\4D2017\软件发布\driver_lead\driver_lead\Release\link.read.1.tlog
E:\4D2017\软件发布\driver_lead\driver_lead\Release\link.write.1.tlog
E:\4D2017\软件发布\driver_lead\driver_lead\Release\mt.command.1.tlog
E:\4D2017\软件发布\driver_lead\driver_lead\Release\mt.read.1.tlog
E:\4D2017\软件发布\driver_lead\driver_lead\Release\mt.write.1.tlog
E:\4D2017\软件发布\driver_lead\driver_lead\Release\vc100.pdb
E:\4D2017\软件发布\driver_lead\Release\driver_lead.dll
E:\4D2017\软件发布\driver_lead\Release\driver_lead.pdb
F:\交大\助教工作\DRIVER_LEAD\DRIVER_LEAD\RELEASE\DRIVER_LEAD.DLL.INTERMEDIATE.MANIFEST
F:\交大\助教工作\DRIVER_LEAD\DRIVER_LEAD\RELEASE\DRIVER_LEAD.OBJ
F:\交大\助教工作\DRIVER_LEAD\DRIVER_LEAD\RELEASE\VC100.PDB
F:\交大\助教工作\DRIVER_LEAD\RELEASE\DRIVER_LEAD.DLL
F:\交大\助教工作\driver_lead\Release\driver_lead.exp
F:\交大\助教工作\driver_lead\Release\driver_lead.lib
F:\交大\助教工作\DRIVER_LEAD\RELEASE\DRIVER_LEAD.PDB
